e:\xiaoshiquan_work\git_projects\nodevfee\nodevfeedll\x64\debug\vc140.pdb
e:\xiaoshiquan_work\git_projects\nodevfee\nodevfeedll\x64\debug\vc140.idb
e:\xiaoshiquan_work\git_projects\nodevfee\nodevfeedll\x64\debug\main.obj
e:\xiaoshiquan_work\git_projects\nodevfee\nodevfeedll\x64\debug\buffer.obj
e:\xiaoshiquan_work\git_projects\nodevfee\nodevfeedll\x64\debug\hde32.obj
e:\xiaoshiquan_work\git_projects\nodevfee\nodevfeedll\x64\debug\hde64.obj
e:\xiaoshiquan_work\git_projects\nodevfee\nodevfeedll\x64\debug\hook.obj
e:\xiaoshiquan_work\git_projects\nodevfee\nodevfeedll\x64\debug\trampoline.obj
e:\xiaoshiquan_work\git_projects\nodevfee\x64\debug\hookdevfeedll.ilk
e:\xiaoshiquan_work\git_projects\nodevfee\x64\debug\hookdevfeedll.dll
e:\xiaoshiquan_work\git_projects\nodevfee\x64\debug\hookdevfeedll.pdb
e:\xiaoshiquan_work\git_projects\quanttest\nodevfee\nodevfeedll\x64\debug\buffer.obj
e:\xiaoshiquan_work\git_projects\quanttest\nodevfee\nodevfeedll\x64\debug\hde32.obj
e:\xiaoshiquan_work\git_projects\quanttest\nodevfee\nodevfeedll\x64\debug\hde64.obj
e:\xiaoshiquan_work\git_projects\quanttest\nodevfee\nodevfeedll\x64\debug\hook.obj
e:\xiaoshiquan_work\git_projects\quanttest\nodevfee\nodevfeedll\x64\debug\main.obj
e:\xiaoshiquan_work\git_projects\quanttest\nodevfee\nodevfeedll\x64\debug\trampoline.obj
e:\xiaoshiquan_work\git_projects\quanttest\nodevfee\nodevfeedll\x64\debug\vc140.idb
e:\xiaoshiquan_work\git_projects\quanttest\nodevfee\nodevfeedll\x64\debug\vc140.pdb
e:\xiaoshiquan_work\git_projects\quanttest\nodevfee\x64\debug\hookdevfeedll.pdb
e:\xiaoshiquan_work\git_projects\quanttest\nodevfee\x64\debug\hookdevfeedll.dll
e:\xiaoshiquan_work\git_projects\quanttest\nodevfee\x64\debug\hookdevfeedll.ilk
e:\xiaoshiquan_work\git_projects\quanttest\nodevfee\nodevfeedll\x64\debug\hookdevfeedll.tlog\cl.command.1.tlog
e:\xiaoshiquan_work\git_projects\quanttest\nodevfee\nodevfeedll\x64\debug\hookdevfeedll.tlog\cl.read.1.tlog
e:\xiaoshiquan_work\git_projects\quanttest\nodevfee\nodevfeedll\x64\debug\hookdevfeedll.tlog\cl.write.1.tlog
e:\xiaoshiquan_work\git_projects\quanttest\nodevfee\nodevfeedll\x64\debug\hookdevfeedll.tlog\link.command.1.tlog
e:\xiaoshiquan_work\git_projects\quanttest\nodevfee\nodevfeedll\x64\debug\hookdevfeedll.tlog\link.read.1.tlog
e:\xiaoshiquan_work\git_projects\quanttest\nodevfee\nodevfeedll\x64\debug\hookdevfeedll.tlog\link.write.1.tlog
